[0m17:48:20.977779 [debug] [MainThread]: Sending event: {'category': 'dbt', 'action': 'invocation', 'label': 'start', 'context': [<snowplow_tracker.self_describing_json.SelfDescribingJson object at 0x00000214B70BFA70>, <snowplow_tracker.self_describing_json.SelfDescribingJson object at 0x00000214B84A5BB0>, <snowplow_tracker.self_describing_json.SelfDescribingJson object at 0x00000214BA288F20>]}


============================== 17:48:20.983394 | 8cd8dc9e-46e1-4a0b-aa4f-8827fd2773fe ==============================
[0m17:48:20.983394 [info ] [MainThread]: Running with dbt=1.10.4
[0m17:48:20.985037 [debug] [MainThread]: running dbt with arguments {'printer_width': '80', 'indirect_selection': 'eager', 'log_cache_events': 'False', 'write_json': 'True', 'partial_parse': 'True', 'cache_selected_only': 'False', 'warn_error': 'None', 'fail_fast': 'False', 'version_check': 'True', 'log_path': 'logs', 'debug': 'False', 'profiles_dir': 'C:\\Users\\aurel\\.dbt', 'use_colors': 'True', 'use_experimental_parser': 'False', 'no_print': 'None', 'quiet': 'False', 'empty': 'None', 'log_format': 'default', 'invocation_command': 'dbt init', 'introspect': 'True', 'static_parser': 'True', 'target_path': 'None', 'warn_error_options': 'WarnErrorOptionsV2(error=[], warn=[], silence=[])', 'send_anonymous_usage_stats': 'True'}
[0m17:48:41.392311 [debug] [MainThread]: Starter project path: C:\Users\aurel\Documents\ans-dw-aberto-dbt\.venv\Lib\site-packages\dbt\include\starter_project
[0m17:48:41.431803 [info ] [MainThread]: 
Your new dbt project "ansdatawarehouse" was created!

For more information on how to configure the profiles.yml file,
please consult the dbt documentation here:

  https://docs.getdbt.com/docs/configure-your-profile

One more thing:

Need help? Don't hesitate to reach out to us via GitHub issues or on Slack:

  https://community.getdbt.com/

Happy modeling!

[0m17:48:41.432891 [info ] [MainThread]: Setting up your profile.
[0m17:49:44.267329 [info ] [MainThread]: Profile ansdatawarehouse written to C:\Users\aurel\.dbt\profiles.yml using target's profile_template.yml and your supplied values. Run 'dbt debug' to validate the connection.
[0m17:49:44.268328 [debug] [MainThread]: Command `dbt init` succeeded at 17:49:44.268328 after 83.56 seconds
[0m17:49:44.269328 [debug] [MainThread]: Sending event: {'category': 'dbt', 'action': 'invocation', 'label': 'end', 'context': [<snowplow_tracker.self_describing_json.SelfDescribingJson object at 0x00000214BACC7E30>, <snowplow_tracker.self_describing_json.SelfDescribingJson object at 0x00000214BA0328A0>, <snowplow_tracker.self_describing_json.SelfDescribingJson object at 0x00000214BAAE4FE0>]}
[0m17:49:44.269328 [debug] [MainThread]: Flushing usage events
[0m17:49:44.957849 [debug] [MainThread]: An error was encountered while trying to flush usage events
